2025-11-05 05:07:44 INFO     postgresql file.csv 1
2025-11-05 05:07:44 INFO     https://scholar.google.com/scholar?start=0&q=postgresql&hl=ru&as_sdt=0,5
2025-11-05 05:07:44 INFO     <!DOCTYPE html PUBLIC "-//W3C//DTD HTML 4.01 Transitional//EN">
<html DIR="LTR">
<head><meta http-equiv="content-type" content="text/html; charset=UTF-8"><meta name="viewport" content="initial-scale=1"><title>https://scholar.google.com/scholar?start=0&amp;q=postgresql&amp;hl=ru&amp;as_sdt=0,5</title></head>
<body style="font-family: arial, sans-serif; background-color: #fff; color: #000; padding:20px; font-size:18px; overscroll-behavior:contain;" onload="e=document.getElementById('captcha');if(e){e.focus();} if(solveSimpleChallenge) {solveSimpleChallenge(0,0);}">
<div style="max-width:400px;">
<hr noshade size="1" style="color:#ccc; background-color:#ccc;"><br>
<form id="captcha-form" action="index" method="post">
<noscript>
<div style="font-size:13px;">
Чтобы продолжить, включите JavaScript в браузере.
</div>
</noscript>
<script src="https://www.google.com/recaptcha/enterprise.js" async defer></script>
<script>var submitCallback = function(response) {document.getElementById('captcha-form').submit();};</script>
<div id="recaptcha" class="g-recaptcha" data-sitekey="6LfwuyUTAAAAAOAmoS0fdqijC2PbbdH4kjq62Y1b" data-callback="submitCallback" data-s="oLB-vxAdE0xBBvrwhP8xLogJsXaVSKG9AuairWRjBhL44nLOl4KByzof5df99wJv7ifnLNFr6mrivUr83CXpKuF6FkpfduqJVrero-EDnKke7gLznxL9hJzZzs16ywlg59O9ok26EuuAxC5SDtvv0Do4cd1nhnrS7dURViTJda5Iyx21Aim1OXcOFnXQrsz1IE_F0YRMTKSCVfg44rrMVF1mbX5luIvGaHzOZYF23RbnovspCyGeAlfMzU2GW94eIGxuNFhn27fFcLikNTRnOTmT"></div>

<input type='hidden' name='q' value='EgRdZP_5GPDiqsgGIizwy1T49bitVBBAjzm_AWkFh0N9MJB8wV598uKIOhVkrlccFV0xQ5NjUbUMczICclJaAUM'><input type="hidden" name="continue" value="https://scholar.google.com/scholar?start=0&amp;q=postgresql&amp;hl=ru&amp;as_sdt=0,5">
</form>
<hr noshade size="1" style="color:#ccc; background-color:#ccc;">
<div style="font-size:13px;">
<b>Об этой странице</b><br><br>

Мы зарегистрировали подозрительный трафик, исходящий из вашей сети. С помощью этой страницы мы сможем определить, что запросы отправляете именно вы, а не робот. <a href="#" onclick="document.getElementById('infoDiv').style.display='block';">Почему это могло произойти?</a><br><br>

<div id="infoDiv" style="display:none; background-color:#eee; padding:10px; margin:0 0 15px 0; line-height:1.4em;">
Эта страница отображается в тех случаях, когда автоматическими системами Google регистрируются исходящие из вашей сети запросы, которые нарушают <a href="//www.google.ru/policies/terms/">Условия использования</a>. Страница перестанет отображаться после того, как эти запросы прекратятся. До этого момента для использования служб Google необходимо проходить проверку по слову.<br><br>Источником запросов может служить вредоносное ПО, подключаемые модули браузера или скрипт, настроенный на автоматических рассылку запросов. Если вы используете общий доступ в Интернет, проблема может быть с компьютером с таким же IP-адресом, как у вас. Обратитесь к своему системному администратору. <a href="//support.google.com/websearch/answer/86640">Подробнее...</a><br><br>Проверка по слову может также появляться, если вы вводите сложные запросы, обычно распространяемые автоматизированными системами, или же вводите запросы очень часто.

</div>
<br><div style="font-size:13px; line-break: anywhere;">
IP-адрес: 93.100.255.249<br>Время: 2025-11-05T02:07:45Z<br>URL: https://scholar.google.com/scholar?start=0&amp;q=postgresql&amp;hl=ru&amp;as_sdt=0,5<br>
</div></div></div>
</body>
</html>

